================================================================================
2026-03-03 21:04:39, 模型地址: /root/meta/MEDG_DA/models/task2_43_99.35.pt, 任务: 4
--------------------------------------------------------------------------------
线性探针分类准确率:
  原始 D: 0.9269
  去掉 D 线性可解释部分后的 D_clean: 0.8470
  原始 Z: 0.9025
  去掉 D 线性可解释部分后的 Z_clean: 0.8879
  Z_clean + D_clean 线性拼接: 0.6633
================================================================================
================================================================================
2026-03-03 21:06:28, 模型地址: /root/meta/MEDG_DA/models/task2_43_99.35.pt, 任务: 4
--------------------------------------------------------------------------------
线性探针分类准确率:
  原始 D: 0.9279
  去掉 D 线性可解释部分后的 D_clean: 0.8470
  原始 Z: 0.9030
  去掉 D 线性可解释部分后的 Z_clean: 0.8884
  Z_clean + D_clean 线性拼接: 0.6637
================================================================================
================================================================================
2026-03-03 21:08:26, 模型地址: /root/meta/MEDG_DA/models/task2_43_99.35.pt, 任务: 2
--------------------------------------------------------------------------------
线性探针分类准确率:
  原始 D: 0.9897
  去掉 D 线性可解释部分后的 D_clean: 0.9907
  原始 Z: 1.0000
  去掉 D 线性可解释部分后的 Z_clean: 0.9953
  Z_clean + D_clean 线性拼接: 0.6078
================================================================================
================================================================================
2026-03-03 21:09:32, 模型地址: /root/meta/MEDG_DA/models/task2_43_99.35.pt, 任务: 2
--------------------------------------------------------------------------------
线性探针分类准确率:
  原始 D: 0.9767
  去掉 D 线性可解释部分后的 D_clean: 0.9683
  原始 Z: 0.9972
  去掉 D 线性可解释部分后的 Z_clean: 0.9925
  Z_clean + D_clean 线性拼接: 0.5714
================================================================================
================================================================================
2026-03-03 21:10:13, 模型地址: /root/meta/MEDG_DA/models/task2_43_99.35.pt, 任务: 2
--------------------------------------------------------------------------------
线性探针分类准确率:
  原始 D: 0.9897
  去掉 D 线性可解释部分后的 D_clean: 0.6452
  原始 Z: 0.9972
  去掉 D 线性可解释部分后的 Z_clean: 0.9935
  Z_clean + D_clean 线性拼接: 0.5649
================================================================================
================================================================================
2026-03-03 21:10:25, 模型地址: /root/meta/MEDG_DA/models/task2_43_99.35.pt, 任务: 2
--------------------------------------------------------------------------------
线性探针分类准确率:
  原始 D: 0.9907
  去掉 D 线性可解释部分后的 D_clean: 0.9841
  原始 Z: 0.9953
  去掉 D 线性可解释部分后的 Z_clean: 0.9795
  Z_clean + D_clean 线性拼接: 0.7908
================================================================================
================================================================================
2026-03-03 21:10:45, 模型地址: /root/meta/MEDG_DA/models/task2_43_99.35.pt, 任务: 2
--------------------------------------------------------------------------------
线性探针分类准确率:
  原始 D: 0.9907
  去掉 D 线性可解释部分后的 D_clean: 0.9832
  原始 Z: 0.9972
  去掉 D 线性可解释部分后的 Z_clean: 0.9897
  Z_clean + D_clean 线性拼接: 0.9542
================================================================================
================================================================================
2026-03-03 21:11:26, 模型地址: /root/meta/MEDG_DA/models/task2_43_99.35.pt, 任务: 2
--------------------------------------------------------------------------------
线性探针分类准确率:
  原始 D: 0.9907
  去掉 D 线性可解释部分后的 D_clean: 0.9897
  原始 Z: 0.9953
  去掉 D 线性可解释部分后的 Z_clean: 0.9925
  Z_clean + D_clean 线性拼接: 0.4407
================================================================================
================================================================================
2026-03-03 21:13:24, 模型地址: /root/meta/MEDG_DA/models/task2_43_99.35.pt, 任务: 2
--------------------------------------------------------------------------------
线性探针分类准确率:
  原始 D: 0.9832
  去掉 D 线性可解释部分后的 D_clean: 0.7311
  原始 Z: 0.9963
  去掉 D 线性可解释部分后的 Z_clean: 0.9935
  Z_clean + D_clean 线性拼接: 0.4426
================================================================================
================================================================================
2026-03-03 21:15:30, 模型地址: /root/meta/MEDG_DA/models/task2_43_99.35.pt, 任务: 2
--------------------------------------------------------------------------------
线性探针分类准确率:
  原始 D: 0.9897
  去掉 D 线性可解释部分后的 D_clean: 0.9888
  原始 Z: 0.9953
  去掉 D 线性可解释部分后的 Z_clean: 0.9916
  Z_clean + D_clean 线性拼接: 0.5612
================================================================================
================================================================================
2026-03-03 21:15:49, 模型地址: /root/meta/MEDG_DA/models/task2_43_99.35.pt, 任务: 2
--------------------------------------------------------------------------------
线性探针分类准确率:
  原始 D: 0.9907
  去掉 D 线性可解释部分后的 D_clean: 0.9869
  原始 Z: 0.9963
  去掉 D 线性可解释部分后的 Z_clean: 0.9711
  Z_clean + D_clean 线性拼接: 0.4528
================================================================================
================================================================================
2026-03-03 21:16:06, 模型地址: /root/meta/MEDG_DA/models/task2_43_99.35.pt, 任务: 2
--------------------------------------------------------------------------------
线性探针分类准确率:
  原始 D: 0.9907
  去掉 D 线性可解释部分后的 D_clean: 0.9879
  原始 Z: 0.9972
  去掉 D 线性可解释部分后的 Z_clean: 0.9869
  Z_clean + D_clean 线性拼接: 0.5798
================================================================================
================================================================================
2026-03-03 21:17:50, 模型地址: /root/meta/MEDG_DA/models/task4_42_99.76.pt, 任务: 4
--------------------------------------------------------------------------------
线性探针分类准确率:
  原始 D: 0.9859
  去掉 D 线性可解释部分后的 D_clean: 0.8562
  原始 Z: 0.9985
  去掉 D 线性可解释部分后的 Z_clean: 0.9985
  Z_clean + D_clean 线性拼接: 0.5755
================================================================================
================================================================================
2026-03-03 21:18:24, 模型地址: /root/meta/MEDG_DA/models/task4_42_99.76.pt, 任务: 4
--------------------------------------------------------------------------------
线性探针分类准确率:
  原始 D: 0.9820
  去掉 D 线性可解释部分后的 D_clean: 0.9703
  原始 Z: 0.9981
  去掉 D 线性可解释部分后的 Z_clean: 0.9985
  Z_clean + D_clean 线性拼接: 0.7403
================================================================================
================================================================================
2026-03-03 21:18:44, 模型地址: /root/meta/MEDG_DA/models/task4_42_99.76.pt, 任务: 4
--------------------------------------------------------------------------------
线性探针分类准确率:
  原始 D: 0.9868
  去掉 D 线性可解释部分后的 D_clean: 0.9498
  原始 Z: 0.9981
  去掉 D 线性可解释部分后的 Z_clean: 0.9990
  Z_clean + D_clean 线性拼接: 0.7354
================================================================================
================================================================================
2026-03-03 21:18:55, 模型地址: /root/meta/MEDG_DA/models/task4_42_99.76.pt, 任务: 4
--------------------------------------------------------------------------------
线性探针分类准确率:
  原始 D: 0.9805
  去掉 D 线性可解释部分后的 D_clean: 0.9571
  原始 Z: 0.9981
  去掉 D 线性可解释部分后的 Z_clean: 0.9990
  Z_clean + D_clean 线性拼接: 0.7412
================================================================================
================================================================================
2026-03-03 21:19:14, 模型地址: /root/meta/MEDG_DA/models/task4_42_99.76.pt, 任务: 4
--------------------------------------------------------------------------------
线性探针分类准确率:
  原始 D: 0.9976
  去掉 D 线性可解释部分后的 D_clean: 0.9815
  原始 Z: 0.9985
  去掉 D 线性可解释部分后的 Z_clean: 0.9985
  Z_clean + D_clean 线性拼接: 0.7700
================================================================================
================================================================================
2026-03-03 21:19:47, 模型地址: /root/meta/MEDG_DA/models/task4_42_99.76.pt, 任务: 4
--------------------------------------------------------------------------------
线性探针分类准确率:
  原始 D: 0.9966
  去掉 D 线性可解释部分后的 D_clean: 0.9864
  原始 Z: 0.9985
  去掉 D 线性可解释部分后的 Z_clean: 0.9981
  Z_clean + D_clean 线性拼接: 0.5716
================================================================================
================================================================================
2026-03-03 21:20:04, 模型地址: /root/meta/MEDG_DA/models/task4_42_99.76.pt, 任务: 4
--------------------------------------------------------------------------------
线性探针分类准确率:
  原始 D: 0.9976
  去掉 D 线性可解释部分后的 D_clean: 0.9810
  原始 Z: 0.9985
  去掉 D 线性可解释部分后的 Z_clean: 0.9981
  Z_clean + D_clean 线性拼接: 0.9591
================================================================================
================================================================================
2026-03-03 21:20:37, 模型地址: /root/meta/MEDG_DA/models/task4_42_99.76.pt, 任务: 4
--------------------------------------------------------------------------------
线性探针分类准确率:
  原始 D: 0.9976
  去掉 D 线性可解释部分后的 D_clean: 0.9815
  原始 Z: 0.9985
  去掉 D 线性可解释部分后的 Z_clean: 0.9985
  Z_clean + D_clean 线性拼接: 0.9820
================================================================================
================================================================================
2026-03-03 21:21:07, 模型地址: /root/meta/MEDG_DA/models/task4_42_99.76.pt, 任务: 4
--------------------------------------------------------------------------------
线性探针分类准确率:
  原始 D: 0.9966
  去掉 D 线性可解释部分后的 D_clean: 0.9815
  原始 Z: 0.9985
  去掉 D 线性可解释部分后的 Z_clean: 0.9985
  Z_clean + D_clean 线性拼接: 0.9810
================================================================================
================================================================================
2026-03-03 21:21:27, 模型地址: /root/meta/MEDG_DA/models/task4_42_99.76.pt, 任务: 4
--------------------------------------------------------------------------------
线性探针分类准确率:
  原始 D: 0.9976
  去掉 D 线性可解释部分后的 D_clean: 0.9849
  原始 Z: 0.9985
  去掉 D 线性可解释部分后的 Z_clean: 0.9981
  Z_clean + D_clean 线性拼接: 0.5668
================================================================================
================================================================================
2026-03-03 21:22:00, 模型地址: /root/meta/MEDG_DA/models/task4_42_99.76.pt, 任务: 4
--------------------------------------------------------------------------------
线性探针分类准确率:
  原始 D: 0.9971
  去掉 D 线性可解释部分后的 D_clean: 0.9844
  原始 Z: 0.9985
  去掉 D 线性可解释部分后的 Z_clean: 0.9981
  Z_clean + D_clean 线性拼接: 0.5668
================================================================================
================================================================================
2026-03-03 21:22:41, 模型地址: /root/meta/MEDG_DA/models/task4_42_99.76.pt, 任务: 4
--------------------------------------------------------------------------------
线性探针分类准确率:
  原始 D: 0.9971
  去掉 D 线性可解释部分后的 D_clean: 0.9868
  原始 Z: 0.9985
  去掉 D 线性可解释部分后的 Z_clean: 0.9981
  Z_clean + D_clean 线性拼接: 0.5721
================================================================================
================================================================================
2026-03-03 21:24:37, 模型地址: /root/meta/MEDG_DA/models/task4_42_99.76.pt, 任务: 4
--------------------------------------------------------------------------------
线性探针分类准确率:
  原始 D: 0.9976
  去掉 D 线性可解释部分后的 D_clean: 0.6530
  原始 Z: 0.9985
  去掉 D 线性可解释部分后的 Z_clean: 0.5614
  Z_clean + D_clean 线性拼接: 0.5677
================================================================================
================================================================================
2026-03-03 21:26:59, 模型地址: /root/meta/MEDG_DA/models/task4_42_99.76.pt, 任务: 4
--------------------------------------------------------------------------------
线性探针分类准确率:
  原始 D: 0.9976
  去掉 D 线性可解释部分后的 D_clean: 0.6501
  原始 Z: 0.9985
  去掉 D 线性可解释部分后的 Z_clean: 0.5604
  Z_clean + D_clean 线性拼接: 0.5687
  原始 Z + D 线性拼接: 0.9985
================================================================================
================================================================================
2026-03-03 21:29:46, 模型地址: /root/meta/MEDG_DA/models/task4_42_99.76.pt, 任务: 4
--------------------------------------------------------------------------------
线性探针分类准确率:
  原始 D: 0.9976
  去掉 D 线性可解释部分后的 D_clean: 0.6852
  原始 Z: 0.9985
  去掉 D 线性可解释部分后的 Z_clean: 0.6043
  Z_clean + D_clean 线性拼接: 0.6048
  原始 Z + D 线性拼接: 0.9985
================================================================================
================================================================================
2026-03-03 21:30:10, 模型地址: /root/meta/MEDG_DA/models/task4_42_99.76.pt, 任务: 4
--------------------------------------------------------------------------------
线性探针分类准确率:
  原始 D: 0.9971
  去掉 D 线性可解释部分后的 D_clean: 0.6793
  原始 Z: 0.9985
  去掉 D 线性可解释部分后的 Z_clean: 0.6058
  Z_clean + D_clean 线性拼接: 0.6092
  原始 Z + D 线性拼接: 0.9985
================================================================================
================================================================================
2026-03-03 21:31:17, 模型地址: /root/meta/MEDG_DA/models/task4_42_99.76.pt, 任务: 4
--------------------------------------------------------------------------------
线性探针分类准确率:
  原始 D: 0.9966
  去掉 D 线性可解释部分后的 D_clean: 0.8158
  原始 Z: 0.9985
  去掉 D 线性可解释部分后的 Z_clean: 0.7602
  Z_clean + D_clean 线性拼接: 0.7680
  原始 Z + D 线性拼接: 0.9990
================================================================================
================================================================================
2026-03-03 21:32:11, 模型地址: /root/meta/MEDG_DA/models/task4_42_99.76.pt, 任务: 4
--------------------------------------------------------------------------------
线性探针分类准确率:
  原始 D: 0.9971
  去掉 D 线性可解释部分后的 D_clean: 0.8163
  原始 Z: 0.9985
  去掉 D 线性可解释部分后的 Z_clean: 0.7583
  Z_clean + D_clean 线性拼接: 0.7690
  原始 Z + D 线性拼接: 0.9985
================================================================================
================================================================================
2026-03-03 21:32:58, 模型地址: /root/meta/MEDG_DA/models/task4_42_99.76.pt, 任务: 4
--------------------------------------------------------------------------------
线性探针分类准确率:
  原始 D: 0.9976
  去掉 D 线性可解释部分后的 D_clean: 0.8153
  原始 Z: 0.9985
  去掉 D 线性可解释部分后的 Z_clean: 0.7602
  Z_clean + D_clean 线性拼接: 0.7695
  原始 Z + D 线性拼接: 0.9990
================================================================================
================================================================================
2026-03-03 21:33:40, 模型地址: /root/meta/MEDG_DA/models/task4_42_99.76.pt, 任务: 4
--------------------------------------------------------------------------------
线性探针分类准确率:
  原始 D: 0.9971
  去掉 D 线性可解释部分后的 D_clean: 0.8143
  原始 Z: 0.9985
  去掉 D 线性可解释部分后的 Z_clean: 0.7597
  Z_clean + D_clean 线性拼接: 0.7666
  原始 Z + D 线性拼接: 0.9985
================================================================================
================================================================================
2026-03-03 21:37:01, 模型地址: /root/meta/MEDG_DA/models/task2_43_99.35.pt, 任务: 2
--------------------------------------------------------------------------------
线性探针分类准确率:
  原始 D: 0.9897
  去掉 D 线性可解释部分后的 D_clean: 0.7059
  原始 Z: 1.0000
  去掉 D 线性可解释部分后的 Z_clean: 0.8217
  Z_clean + D_clean 线性拼接: 0.8366
  原始 Z + D 线性拼接: 1.0000
================================================================================
================================================================================
2026-03-03 21:37:46, 模型地址: /root/meta/MEDG_DA/models/task2_43_99.35.pt, 任务: 2
--------------------------------------------------------------------------------
线性探针分类准确率:
  原始 D: 0.9897
  去掉 D 线性可解释部分后的 D_clean: 0.7059
  原始 Z: 1.0000
  去掉 D 线性可解释部分后的 Z_clean: 0.8207
  Z_clean + D_clean 线性拼接: 0.8403
  原始 Z + D 线性拼接: 1.0000
================================================================================
================================================================================
2026-03-03 21:38:33, 模型地址: /root/meta/MEDG_DA/models/task2_43_99.35.pt, 任务: 2
--------------------------------------------------------------------------------
线性探针分类准确率:
  原始 D: 0.9897
  去掉 D 线性可解释部分后的 D_clean: 0.7021
  原始 Z: 1.0000
  去掉 D 线性可解释部分后的 Z_clean: 0.8235
  Z_clean + D_clean 线性拼接: 0.8375
  原始 Z + D 线性拼接: 1.0000
================================================================================
================================================================================
2026-03-03 21:38:49, 模型地址: /root/meta/MEDG_DA/models/task2_43_99.35.pt, 任务: 2
--------------------------------------------------------------------------------
线性探针分类准确率:
  原始 D: 0.9907
  去掉 D 线性可解释部分后的 D_clean: 0.7031
  原始 Z: 1.0000
  去掉 D 线性可解释部分后的 Z_clean: 0.8217
  Z_clean + D_clean 线性拼接: 0.8375
  原始 Z + D 线性拼接: 1.0000
================================================================================
================================================================================
2026-03-03 21:39:31, 模型地址: /root/meta/MEDG_DA/models/task2_43_99.35.pt, 任务: 2
--------------------------------------------------------------------------------
线性探针分类准确率:
  原始 D: 0.9897
  去掉 D 线性可解释部分后的 D_clean: 0.7049
  原始 Z: 1.0000
  去掉 D 线性可解释部分后的 Z_clean: 0.8226
  Z_clean + D_clean 线性拼接: 0.8422
  原始 Z + D 线性拼接: 1.0000
================================================================================
================================================================================
2026-03-03 21:41:51, 模型地址: /root/meta/MEDG_DA/models/task2_43_99.35.pt, 任务: 2
--------------------------------------------------------------------------------
线性探针分类准确率:
  原始 D: 0.9897
  去掉 D 线性可解释部分后的 D_clean: 0.7049
  原始 Z: 1.0000
  去掉 D 线性可解释部分后的 Z_clean: 0.8217
  Z_clean + D_clean 线性拼接: 0.8413
  原始 Z + D 线性拼接: 1.0000
================================================================================
================================================================================
2026-03-03 21:42:07, 模型地址: /root/meta/MEDG_DA/models/task2_43_99.35.pt, 任务: 2
--------------------------------------------------------------------------------
线性探针分类准确率:
  原始 D: 0.9897
  去掉 D 线性可解释部分后的 D_clean: 0.7049
  原始 Z: 1.0000
  去掉 D 线性可解释部分后的 Z_clean: 0.8226
  Z_clean + D_clean 线性拼接: 0.8394
  原始 Z + D 线性拼接: 1.0000
================================================================================
================================================================================
2026-03-03 21:48:49, 模型地址: /root/meta/MEDG_DA/models/task2_43_99.35.pt, 任务: 2
--------------------------------------------------------------------------------
线性探针分类准确率:
  原始 D: 0.9897
  去掉 D 线性可解释部分后的 D_clean: 0.7049
  原始 Z: 1.0000
  去掉 D 线性可解释部分后的 Z_clean: 0.8226
  Z_clean + D_clean 线性拼接: 0.8394
  原始 Z + D 线性拼接: 1.0000
================================================================================
